<?xml version="1.0" encoding="UTF-8"?>
<!-- Generated by org.testng.reporters.JUnitReportReporter -->
<testsuite skipped="0" hostname="Tenzins-MacBook-Pro.local" name="seleniumMethods.A02_use_of_get_by_testNG" tests="1" failures="0" timestamp="2022-06-24T19:50:16 EDT" time="2.100" errors="0">
  <testcase name="urlTest" time="2.100" classname="seleniumMethods.A02_use_of_get_by_testNG"/>
  <system-out/>
</testsuite> <!-- seleniumMethods.A02_use_of_get_by_testNG -->
