<?xml version="1.0" encoding="UTF-8"?>
<!-- Generated by org.testng.reporters.JUnitReportReporter -->
<testsuite skipped="0" hostname="Tenzins-MacBook-Pro.local" name="seleniumMethods.SeleniumMethods" tests="1" failures="0" timestamp="2022-06-26T22:26:55 EDT" time="5.088" errors="0">
  <testcase name="urlTest" time="5.088" classname="seleniumMethods.SeleniumMethods"/>
  <system-out/>
</testsuite> <!-- seleniumMethods.SeleniumMethods -->
