<?xml version="1.0" encoding="UTF-8"?>
<!-- Generated by org.testng.reporters.JUnitReportReporter -->
<testsuite skipped="0" hostname="Tenzins-MacBook-Pro.local" name="seleniumMethods.A02_using_different_methods" tests="1" failures="0" timestamp="2022-06-24T22:03:06 EDT" time="0.004" errors="0">
  <testcase name="urlTest" time="0.004" classname="seleniumMethods.A02_using_different_methods"/>
  <system-out/>
</testsuite> <!-- seleniumMethods.A02_using_different_methods -->
